<?xml version="1.0" encoding="UTF-8"?>
<!-- Generated by org.testng.reporters.JUnitXMLReporter -->
<testsuite hostname="LAPTOP-ERR8R0T2" failures="1" tests="2" name="BankingApp Test" time="6.009" errors="0" timestamp="11 Oct 2023 10:29:55 GMT">
  <testcase classname="com.inetbanking.testCase.TC_LoginPage" name="loginTestFireFox" time="2.256"/>
  <testcase classname="com.inetbanking.testCase.TC_LoginPage" name="loginTestchrome" time="0.002">
    <failure type="java.lang.NullPointerException" message="Cannot invoke &amp;quot;org.openqa.selenium.WebDriver.get(String)&amp;quot; because &amp;quot;this.driverChrome&amp;quot; is null">
      <![CDATA[java.lang.NullPointerException: Cannot invoke "org.openqa.selenium.WebDriver.get(String)" because "this.driverChrome" is null
	at com.inetbanking.testCase.TC_LoginPage.loginTestchrome(TC_LoginPage.java:46)
... Removed 24 stack frames]]>
    </failure>
  </testcase> <!-- loginTestchrome -->
</testsuite> <!-- BankingApp Test -->
